<?xml version="1.0" encoding="UTF-8"?>
<testsuite xmlns:xsi="http://www.w3.org/2001/XMLSchema-instance" xsi:noNamespaceSchemaLocation="https://maven.apache.org/surefire/maven-surefire-plugin/xsd/surefire-test-report-3.0.xsd" version="3.0" name="org.deeplearning4j.examples.QuickTest" time="94.876" tests="1" errors="0" skipped="0" failures="0">
  <properties>
[...]
</properties>
  <testcase name="test" classname="org.deeplearning4j.examples.QuickTest" time="94.876">
    <system-out><![CDATA[Beginning LenetMNIST
20:25:48,565 |-INFO in ch.qos.logback.classic.LoggerContext[default] - Could NOT find resource [logback.groovy]
20:25:48,565 |-INFO in ch.qos.logback.classic.LoggerContext[default] - Could NOT find resource [logback-test.xml]
20:25:48,565 |-INFO in ch.qos.logback.classic.LoggerContext[default] - Found resource [logback.xml] at [file:/C:/Users/Samuel%20Oliveira/dl4j-examples/target/test-classes/logback.xml]
20:25:48,565 |-WARN in ch.qos.logback.classic.LoggerContext[default] - Resource [logback.xml] occurs multiple times on the classpath.
20:25:48,565 |-WARN in ch.qos.logback.classic.LoggerContext[default] - Resource [logback.xml] occurs at [file:/C:/Users/Samuel%20Oliveira/dl4j-examples/target/classes/logback.xml]
20:25:48,565 |-WARN in ch.qos.logback.classic.LoggerContext[default] - Resource [logback.xml] occurs at [file:/C:/Users/Samuel%20Oliveira/dl4j-examples/target/test-classes/logback.xml]
20:25:48,627 |-INFO in ch.qos.logback.classic.joran.action.ConfigurationAction - debug attribute not set
20:25:48,643 |-INFO in ch.qos.logback.core.joran.action.AppenderAction - About to instantiate appender of type [ch.qos.logback.core.FileAppender]
20:25:48,643 |-INFO in ch.qos.logback.core.joran.action.AppenderAction - Naming appender as [FILE]
20:25:48,659 |-INFO in ch.qos.logback.core.joran.action.NestedComplexPropertyIA - Assuming default type [ch.qos.logback.classic.encoder.PatternLayoutEncoder] for [encoder] property
20:25:48,674 |-INFO in ch.qos.logback.core.FileAppender[FILE] - File property is set to [logs/application.log]
20:25:48,674 |-INFO in ch.qos.logback.core.joran.action.AppenderAction - About to instantiate appender of type [ch.qos.logback.core.ConsoleAppender]
20:25:48,674 |-INFO in ch.qos.logback.core.joran.action.AppenderAction - Naming appender as [STDOUT]
20:25:48,674 |-INFO in ch.qos.logback.core.joran.action.NestedComplexPropertyIA - Assuming default type [ch.qos.logback.classic.encoder.PatternLayoutEncoder] for [encoder] property
20:25:48,674 |-INFO in ch.qos.logback.classic.joran.action.LoggerAction - Setting level of logger [org.apache.catalina.core] to DEBUG
20:25:48,674 |-INFO in ch.qos.logback.classic.joran.action.LoggerAction - Setting level of logger [org.springframework] to DEBUG
20:25:48,674 |-INFO in ch.qos.logback.classic.joran.action.LoggerAction - Setting level of logger [org.deeplearning4j] to INFO
20:25:48,674 |-INFO in ch.qos.logback.classic.joran.action.LoggerAction - Setting level of logger [org.canova] to INFO
20:25:48,674 |-INFO in ch.qos.logback.classic.joran.action.LoggerAction - Setting level of logger [org.datavec] to INFO
20:25:48,674 |-INFO in ch.qos.logback.classic.joran.action.LoggerAction - Setting level of logger [org.nd4j] to INFO
20:25:48,674 |-INFO in ch.qos.logback.classic.joran.action.LoggerAction - Setting level of logger [opennlp.uima.util] to OFF
20:25:48,674 |-INFO in ch.qos.logback.classic.joran.action.LoggerAction - Setting level of logger [org.apache.uima] to OFF
20:25:48,674 |-INFO in ch.qos.logback.classic.joran.action.LoggerAction - Setting level of logger [org.cleartk] to OFF
20:25:48,674 |-INFO in ch.qos.logback.classic.joran.action.RootLoggerAction - Setting level of ROOT logger to ERROR
20:25:48,674 |-INFO in ch.qos.logback.core.joran.action.AppenderRefAction - Attaching appender named [STDOUT] to Logger[ROOT]
20:25:48,674 |-INFO in ch.qos.logback.core.joran.action.AppenderRefAction - Attaching appender named [FILE] to Logger[ROOT]
20:25:48,674 |-INFO in ch.qos.logback.classic.joran.action.ConfigurationAction - End of configuration.
20:25:48,674 |-INFO in ch.qos.logback.classic.joran.JoranConfigurator@3cce57c7 - Registering current configuration as safe fallback point

o.d.e.q.m.c.LeNetMNIST - Load data....
o.d.e.q.m.c.LeNetMNIST - Build model....
o.n.l.f.Nd4jBackend - Loaded [CpuBackend] backend
o.n.n.NativeOpsHolder - Number of threads used for linear algebra: 4
o.n.l.c.n.CpuNDArrayFactory - Binary level Generic x86 optimization level AVX512
o.n.n.Nd4jBlas - Number of threads used for OpenMP BLAS: 4
o.n.l.a.o.e.DefaultOpExecutioner - Backend used: [CPU]; OS: [Windows 11]
o.n.l.a.o.e.DefaultOpExecutioner - Cores: [8]; Memory: [3,9GB];
o.n.l.a.o.e.DefaultOpExecutioner - Blas vendor: [OPENBLAS]
o.n.l.c.n.CpuBackend - Backend build information:
 GCC: "12.1.0"
STD version: 201103L
DEFAULT_ENGINE: samediff::ENGINE_CPU
HAVE_FLATBUFFERS
HAVE_OPENBLAS
o.d.n.m.MultiLayerNetwork - Starting MultiLayerNetwork with WorkspaceModes set to [training: ENABLED; inference: ENABLED], cacheMode set to [NONE]
o.d.e.q.m.c.LeNetMNIST - Train model...
o.d.o.l.ScoreIterationListener - Score at iteration 0 is 2.474314901567134
o.d.o.l.ScoreIterationListener - Score at iteration 10 is 1.1818024299960421
o.d.o.l.ScoreIterationListener - Score at iteration 20 is 0.5705567199411505
o.d.o.l.ScoreIterationListener - Score at iteration 30 is 0.6281971561108126
o.d.o.l.ScoreIterationListener - Score at iteration 40 is 0.42112509639921125
o.d.o.l.ScoreIterationListener - Score at iteration 50 is 0.4008162052181937
o.d.o.l.ScoreIterationListener - Score at iteration 60 is 0.5216378793264981
o.d.o.l.ScoreIterationListener - Score at iteration 70 is 0.46046501951939633
o.d.o.l.ScoreIterationListener - Score at iteration 80 is 0.37976473604119676
o.d.o.l.ScoreIterationListener - Score at iteration 90 is 0.2888461478030417
o.d.o.l.ScoreIterationListener - Score at iteration 100 is 0.47394283098785317
o.d.o.l.ScoreIterationListener - Score at iteration 110 is 0.29389994439605344
o.d.o.l.ScoreIterationListener - Score at iteration 120 is 0.18194370286462463
o.d.o.l.ScoreIterationListener - Score at iteration 130 is 0.3938000618054683
o.d.o.l.ScoreIterationListener - Score at iteration 140 is 0.31659247747111463
o.d.o.l.ScoreIterationListener - Score at iteration 150 is 0.30564910531739853
o.d.o.l.ScoreIterationListener - Score at iteration 160 is 0.32765654367686514
o.d.o.l.ScoreIterationListener - Score at iteration 170 is 0.25772052799039213
o.d.o.l.ScoreIterationListener - Score at iteration 180 is 0.3098915103789807
o.d.o.l.ScoreIterationListener - Score at iteration 190 is 0.20304406107466072
o.d.o.l.ScoreIterationListener - Score at iteration 200 is 0.2309139108273829
o.d.o.l.ScoreIterationListener - Score at iteration 210 is 0.1954587824716224
o.d.o.l.ScoreIterationListener - Score at iteration 220 is 0.2815456656814642
o.d.o.l.ScoreIterationListener - Score at iteration 230 is 0.2824260232721137
o.d.o.l.ScoreIterationListener - Score at iteration 240 is 0.21184421936440692
o.d.o.l.ScoreIterationListener - Score at iteration 250 is 0.33043799656354966
o.d.o.l.ScoreIterationListener - Score at iteration 260 is 0.26146858173924
o.d.o.l.ScoreIterationListener - Score at iteration 270 is 0.1964844616147343
o.d.o.l.ScoreIterationListener - Score at iteration 280 is 0.46412115595978454
o.d.o.l.ScoreIterationListener - Score at iteration 290 is 0.23272181078769344
o.d.o.l.ScoreIterationListener - Score at iteration 300 is 0.2188369517938318
o.d.o.l.ScoreIterationListener - Score at iteration 310 is 0.31221933972541016
o.d.o.l.ScoreIterationListener - Score at iteration 320 is 0.17758739489571446
o.d.o.l.ScoreIterationListener - Score at iteration 330 is 0.25394994609645666
o.d.o.l.ScoreIterationListener - Score at iteration 340 is 0.19821199482959195
o.d.o.l.ScoreIterationListener - Score at iteration 350 is 0.27251362787507744
o.d.o.l.ScoreIterationListener - Score at iteration 360 is 0.34970785429765816
o.d.o.l.ScoreIterationListener - Score at iteration 370 is 0.3103908661844825
o.d.o.l.ScoreIterationListener - Score at iteration 380 is 0.15047656989044692
o.d.o.l.ScoreIterationListener - Score at iteration 390 is 0.1912029696444767
o.d.o.l.ScoreIterationListener - Score at iteration 400 is 0.2279758560376145
o.d.o.l.ScoreIterationListener - Score at iteration 410 is 0.3036195726666575
o.d.o.l.ScoreIterationListener - Score at iteration 420 is 0.28933711355375685
o.d.o.l.ScoreIterationListener - Score at iteration 430 is 0.18063227041087676
o.d.o.l.ScoreIterationListener - Score at iteration 440 is 0.321626382976903
o.d.o.l.ScoreIterationListener - Score at iteration 450 is 0.15712363469083346
o.d.o.l.ScoreIterationListener - Score at iteration 460 is 0.13597652986212339
o.d.o.l.ScoreIterationListener - Score at iteration 470 is 0.16269120112762855
o.d.o.l.ScoreIterationListener - Score at iteration 480 is 0.23124493363186588
o.d.o.l.ScoreIterationListener - Score at iteration 490 is 0.14617045080916274
o.d.o.l.ScoreIterationListener - Score at iteration 500 is 0.18363410823719878
o.d.o.l.ScoreIterationListener - Score at iteration 510 is 0.28797191343374257
o.d.o.l.ScoreIterationListener - Score at iteration 520 is 0.14039974088831736
o.d.o.l.ScoreIterationListener - Score at iteration 530 is 0.24415572360962817
o.d.o.l.ScoreIterationListener - Score at iteration 540 is 0.17923862631248194
o.d.o.l.ScoreIterationListener - Score at iteration 550 is 0.18240511451515576
o.d.o.l.ScoreIterationListener - Score at iteration 560 is 0.16128275625697513
o.d.o.l.ScoreIterationListener - Score at iteration 570 is 0.15584019153607576
o.d.o.l.ScoreIterationListener - Score at iteration 580 is 0.14399326042017907
o.d.o.l.ScoreIterationListener - Score at iteration 590 is 0.16266162887789767
o.d.o.l.ScoreIterationListener - Score at iteration 600 is 0.19677433003817302
o.d.o.l.ScoreIterationListener - Score at iteration 610 is 0.2048597397434309
o.d.o.l.ScoreIterationListener - Score at iteration 620 is 0.20671428832308603
o.d.o.l.ScoreIterationListener - Score at iteration 630 is 0.12007587547788048
o.d.o.l.ScoreIterationListener - Score at iteration 640 is 0.14455661533870717
o.d.o.l.ScoreIterationListener - Score at iteration 650 is 0.23611063530086843
o.d.o.l.ScoreIterationListener - Score at iteration 660 is 0.22759876529552564
o.d.o.l.ScoreIterationListener - Score at iteration 670 is 0.2231662116861834
o.d.o.l.ScoreIterationListener - Score at iteration 680 is 0.16727290262768446
o.d.o.l.ScoreIterationListener - Score at iteration 690 is 0.11596837893450562
o.d.o.l.ScoreIterationListener - Score at iteration 700 is 0.12007384663972191
o.d.o.l.ScoreIterationListener - Score at iteration 710 is 0.11272724799822584
o.d.o.l.ScoreIterationListener - Score at iteration 720 is 0.12172656373184107
o.d.o.l.ScoreIterationListener - Score at iteration 730 is 0.13192284472474705
o.d.o.l.ScoreIterationListener - Score at iteration 740 is 0.2666387604312454
o.d.o.l.ScoreIterationListener - Score at iteration 750 is 0.1321906860916216
o.d.o.l.ScoreIterationListener - Score at iteration 760 is 0.1793748629094756
o.d.o.l.ScoreIterationListener - Score at iteration 770 is 0.1364681281462589
o.d.o.l.ScoreIterationListener - Score at iteration 780 is 0.11534906809372843
o.d.o.l.ScoreIterationListener - Score at iteration 790 is 0.11934421639478575
o.d.o.l.ScoreIterationListener - Score at iteration 800 is 0.14483369795183543
o.d.o.l.ScoreIterationListener - Score at iteration 810 is 0.10441393014471013
o.d.o.l.ScoreIterationListener - Score at iteration 820 is 0.1772374933375943
o.d.o.l.ScoreIterationListener - Score at iteration 830 is 0.1408120183437523
o.d.o.l.ScoreIterationListener - Score at iteration 840 is 0.14193475849510387
o.d.o.l.ScoreIterationListener - Score at iteration 850 is 0.23004183490383429
o.d.o.l.ScoreIterationListener - Score at iteration 860 is 0.1750022866352947
o.d.o.l.ScoreIterationListener - Score at iteration 870 is 0.14302127139639556
o.d.o.l.ScoreIterationListener - Score at iteration 880 is 0.10323413351193057
o.d.o.l.ScoreIterationListener - Score at iteration 890 is 0.14436256605511077
o.d.o.l.ScoreIterationListener - Score at iteration 900 is 0.1721036295411778
o.d.o.l.ScoreIterationListener - Score at iteration 910 is 0.09485468950377404
o.d.o.l.ScoreIterationListener - Score at iteration 920 is 0.2222132795244652
o.d.o.l.ScoreIterationListener - Score at iteration 930 is 0.13775428070731643
o.d.o.l.EvaluativeListener - Starting evaluation nr. 1
o.d.o.l.EvaluativeListener - Reporting evaluation results:
o.d.o.l.EvaluativeListener - Evaluation:


========================Evaluation Metrics========================
 # of classes:    10
 Accuracy:        0,9854
 Precision:       0,9855
 Recall:          0,9851
 F1 Score:        0,9853
Precision, recall & F1: macro-averaged (equally weighted avg. of 10 classes)


=========================Confusion Matrix=========================
    0    1    2    3    4    5    6    7    8    9
---------------------------------------------------
  968    0    2    0    0    0    5    2    2    1 | 0 = 0
    0 1128    2    0    0    1    3    1    0    0 | 1 = 1
    1    0 1023    0    1    0    0    5    2    0 | 2 = 2
    0    0    3 1002    0    0    0    3    1    1 | 3 = 3
    0    0    1    0  973    0    1    0    0    7 | 4 = 4
    2    0    1   18    0  867    1    2    1    0 | 5 = 5
    3    1    0    0    4    2  944    0    4    0 | 6 = 6
    1    2    9    4    2    0    0 1005    0    5 | 7 = 7
    1    0    3    5    2    2    0    1  953    7 | 8 = 8
    0    2    0    7    6    0    0    3    0  991 | 9 = 9

Confusion matrix format: Actual (rowClass) predicted as (columnClass) N times
==================================================================
o.d.e.q.m.c.LeNetMNIST - Saving model to tmp folder: C:\Users\SAMUEL~1\AppData\Local\Temp\lenetmnist.zip
o.d.e.q.m.c.LeNetMNIST - ****************Example finished********************
Ending LenetMNIST
Beginning VaeMNISTAnomaly
]]></system-out>
  </testcase>
</testsuite>